TVDfpsDemo/build/intermediates/manifest_merge_blame_file/release/manifest-merger-blame-release-report.txt
1<?xml version="1.0" encoding="utf-8"?>
2<manifest xmlns:android="http://schemas.android.com/apk/res/android"
3    xmlns:dist="http://schemas.android.com/apk/distribution"
4    package="com.munditv.dfpsdemo"
5    android:versionCode="1"
6    android:versionName="1.0" >
7
8    <uses-sdk
9        android:minSdkVersion="19"
9-->src/main/AndroidManifest.xml
10        android:targetSdkVersion="19" />
10-->src/main/AndroidManifest.xml
11
12    <dist:module dist:instant="true" />
12-->src/main/AndroidManifest.xml:6:5-40
12-->src/main/AndroidManifest.xml:6:18-37
13
14    <application
14-->src/main/AndroidManifest.xml:8:5-22:19
15        android:allowBackup="true"
15-->src/main/AndroidManifest.xml:9:9-35
16        android:appComponentFactory="androidx.core.app.CoreComponentFactory"
16-->[androidx.core:core:1.1.0] AndroidManifest.xml:24:18-86
17        android:icon="@mipmap/ic_launcher"
17-->src/main/AndroidManifest.xml:10:9-43
18        android:label="@string/app_name"
18-->src/main/AndroidManifest.xml:11:9-41
19        android:roundIcon="@mipmap/ic_launcher_round"
19-->src/main/AndroidManifest.xml:12:9-54
20        android:supportsRtl="true"
20-->src/main/AndroidManifest.xml:13:9-35
21        android:theme="@style/AppTheme" >
21-->src/main/AndroidManifest.xml:14:9-40
22        <activity android:name="com.munditv.dfpsdemo.DfpsDemoActivity" >
22-->src/main/AndroidManifest.xml:15:9-21:20
22-->src/main/AndroidManifest.xml:15:19-51
23            <intent-filter>
23-->src/main/AndroidManifest.xml:16:13-20:29
24                <action android:name="android.intent.action.MAIN" />
24-->src/main/AndroidManifest.xml:17:17-69
24-->src/main/AndroidManifest.xml:17:25-66
25
26                <category android:name="android.intent.category.LAUNCHER" />
26-->src/main/AndroidManifest.xml:19:17-77
26-->src/main/AndroidManifest.xml:19:27-74
27            </intent-filter>
28        </activity>
29    </application>
30
31</manifest>